# JRE version: OpenJDK Runtime Environment (8.0_262-b10) (build 1.8.0_262-b10)
# Java VM: OpenJDK 64-Bit Server VM (25.262-b10 mixed mode linux-amd64 compressed oops)
Heap:
 def new generation   total 4928K, used 4425K [0x00000000f0e00000, 0x00000000f1350000, 0x00000000f5ea0000)
  eden space 4416K,  98% used [0x00000000f0e00000, 0x00000000f1241018, 0x00000000f1250000)
  from space 512K,  13% used [0x00000000f12d0000, 0x00000000f12e1730, 0x00000000f1350000)
  to   space 512K,   0% used [0x00000000f1250000, 0x00000000f1250000, 0x00000000f12d0000)
 tenured generation   total 10944K, used 3469K [0x00000000f5ea0000, 0x00000000f6950000, 0x0000000100000000)
   the space 10944K,  31% used [0x00000000f5ea0000, 0x00000000f62036a0, 0x00000000f6203800, 0x00000000f6950000)
 Metaspace       used 11202K, capacity 11528K, committed 11648K, reserved 1058816K
  class space    used 1415K, capacity 1560K, committed 1664K, reserved 1048576K
GC Heap History (18 events):
Event: 0.160 GC heap before
{Heap before GC invocations=0 (full 0):
 def new generation   total 4928K, used 4416K [0x00000000f0e00000, 0x00000000f1350000, 0x00000000f5ea0000)
  eden space 4416K, 100% used [0x00000000f0e00000, 0x00000000f1250000, 0x00000000f1250000)
  from space 512K,   0% used [0x00000000f1250000, 0x00000000f1250000, 0x00000000f12d0000)
  to   space 512K,   0% used [0x00000000f12d0000, 0x00000000f12d0000, 0x00000000f1350000)
 tenured generation   total 10944K, used 0K [0x00000000f5ea0000, 0x00000000f6950000, 0x0000000100000000)
   the space 10944K,   0% used [0x00000000f5ea0000, 0x00000000f5ea0000, 0x00000000f5ea0200, 0x00000000f6950000)
 Metaspace       used 4627K, capacity 4920K, committed 5248K, reserved 1056768K
  class space    used 479K, capacity 536K, committed 640K, reserved 1048576K
Event: 0.162 GC heap after
Heap after GC invocations=1 (full 0):
 def new generation   total 4928K, used 512K [0x00000000f0e00000, 0x00000000f1350000, 0x00000000f5ea0000)
  eden space 4416K,   0% used [0x00000000f0e00000, 0x00000000f0e00000, 0x00000000f1250000)
  from space 512K, 100% used [0x00000000f12d0000, 0x00000000f1350000, 0x00000000f1350000)
  to   space 512K,   0% used [0x00000000f1250000, 0x00000000f1250000, 0x00000000f12d0000)
 tenured generation   total 10944K, used 405K [0x00000000f5ea0000, 0x00000000f6950000, 0x0000000100000000)
   the space 10944K,   3% used [0x00000000f5ea0000, 0x00000000f5f057c8, 0x00000000f5f05800, 0x00000000f6950000)
 Metaspace       used 4627K, capacity 4920K, committed 5248K, reserved 1056768K
  class space    used 479K, capacity 536K, committed 640K, reserved 1048576K
}
Event: 0.229 GC heap before
{Heap before GC invocations=1 (full 0):
 def new generation   total 4928K, used 4928K [0x00000000f0e00000, 0x00000000f1350000, 0x00000000f5ea0000)
  eden space 4416K, 100% used [0x00000000f0e00000, 0x00000000f1250000, 0x00000000f1250000)
  from space 512K, 100% used [0x00000000f12d0000, 0x00000000f1350000, 0x00000000f1350000)
  to   space 512K,   0% used [0x00000000f1250000, 0x00000000f1250000, 0x00000000f12d0000)
 tenured generation   total 10944K, used 405K [0x00000000f5ea0000, 0x00000000f6950000, 0x0000000100000000)
   the space 10944K,   3% used [0x00000000f5ea0000, 0x00000000f5f057c8, 0x00000000f5f05800, 0x00000000f6950000)
 Metaspace       used 5000K, capacity 5136K, committed 5248K, reserved 1056768K
  class space    used 535K, capacity 608K, committed 640K, reserved 1048576K
Event: 0.231 GC heap after
Heap after GC invocations=2 (full 0):
 def new generation   total 4928K, used 512K [0x00000000f0e00000, 0x00000000f1350000, 0x00000000f5ea0000)
  eden space 4416K,   0% used [0x00000000f0e00000, 0x00000000f0e00000, 0x00000000f1250000)
  from space 512K, 100% used [0x00000000f1250000, 0x00000000f12d0000, 0x00000000f12d0000)
  to   space 512K,   0% used [0x00000000f12d0000, 0x00000000f12d0000, 0x00000000f1350000)
 tenured generation   total 10944K, used 906K [0x00000000f5ea0000, 0x00000000f6950000, 0x0000000100000000)
   the space 10944K,   8% used [0x00000000f5ea0000, 0x00000000f5f82a40, 0x00000000f5f82c00, 0x00000000f6950000)
 Metaspace       used 5000K, capacity 5136K, committed 5248K, reserved 1056768K
  class space    used 535K, capacity 608K, committed 640K, reserved 1048576K
}
Event: 0.304 GC heap before
{Heap before GC invocations=2 (full 0):
 def new generation   total 4928K, used 4928K [0x00000000f0e00000, 0x00000000f1350000, 0x00000000f5ea0000)
  eden space 4416K, 100% used [0x00000000f0e00000, 0x00000000f1250000, 0x00000000f1250000)
  from space 512K, 100% used [0x00000000f1250000, 0x00000000f12d0000, 0x00000000f12d0000)
  to   space 512K,   0% used [0x00000000f12d0000, 0x00000000f12d0000, 0x00000000f1350000)
 tenured generation   total 10944K, used 906K [0x00000000f5ea0000, 0x00000000f6950000, 0x0000000100000000)
   the space 10944K,   8% used [0x00000000f5ea0000, 0x00000000f5f82a40, 0x00000000f5f82c00, 0x00000000f6950000)
 Metaspace       used 5975K, capacity 6144K, committed 6144K, reserved 1056768K
  class space    used 687K, capacity 768K, committed 768K, reserved 1048576K
Event: 0.306 GC heap after
Heap after GC invocations=3 (full 0):
 def new generation   total 4928K, used 511K [0x00000000f0e00000, 0x00000000f1350000, 0x00000000f5ea0000)
  eden space 4416K,   0% used [0x00000000f0e00000, 0x00000000f0e00000, 0x00000000f1250000)
  from space 512K,  99% used [0x00000000f12d0000, 0x00000000f134fff8, 0x00000000f1350000)
  to   space 512K,   0% used [0x00000000f1250000, 0x00000000f1250000, 0x00000000f12d0000)
 tenured generation   total 10944K, used 1311K [0x00000000f5ea0000, 0x00000000f6950000, 0x0000000100000000)
   the space 10944K,  11% used [0x00000000f5ea0000, 0x00000000f5fe7fa0, 0x00000000f5fe8000, 0x00000000f6950000)
 Metaspace       used 5975K, capacity 6144K, committed 6144K, reserved 1056768K
  class space    used 687K, capacity 768K, committed 768K, reserved 1048576K
}
Event: 0.403 GC heap before
{Heap before GC invocations=3 (full 0):
 def new generation   total 4928K, used 4927K [0x00000000f0e00000, 0x00000000f1350000, 0x00000000f5ea0000)
  eden space 4416K, 100% used [0x00000000f0e00000, 0x00000000f1250000, 0x00000000f1250000)
  from space 512K,  99% used [0x00000000f12d0000, 0x00000000f134fff8, 0x00000000f1350000)
  to   space 512K,   0% used [0x00000000f1250000, 0x00000000f1250000, 0x00000000f12d0000)
 tenured generation   total 10944K, used 1311K [0x00000000f5ea0000, 0x00000000f6950000, 0x0000000100000000)
   the space 10944K,  11% used [0x00000000f5ea0000, 0x00000000f5fe7fa0, 0x00000000f5fe8000, 0x00000000f6950000)
 Metaspace       used 7061K, capacity 7272K, committed 7424K, reserved 1056768K
  class space    used 834K, capacity 916K, committed 1024K, reserved 1048576K
Event: 0.405 GC heap after
Heap after GC invocations=4 (full 0):
 def new generation   total 4928K, used 512K [0x00000000f0e00000, 0x00000000f1350000, 0x00000000f5ea0000)
  eden space 4416K,   0% used [0x00000000f0e00000, 0x00000000f0e00000, 0x00000000f1250000)
  from space 512K, 100% used [0x00000000f1250000, 0x00000000f12d0000, 0x00000000f12d0000)
  to   space 512K,   0% used [0x00000000f12d0000, 0x00000000f12d0000, 0x00000000f1350000)
 tenured generation   total 10944K, used 1738K [0x00000000f5ea0000, 0x00000000f6950000, 0x0000000100000000)
   the space 10944K,  15% used [0x00000000f5ea0000, 0x00000000f6052968, 0x00000000f6052a00, 0x00000000f6950000)
 Metaspace       used 7061K, capacity 7272K, committed 7424K, reserved 1056768K
  class space    used 834K, capacity 916K, committed 1024K, reserved 1048576K
}
Event: 0.466 GC heap before
{Heap before GC invocations=4 (full 0):
 def new generation   total 4928K, used 4928K [0x00000000f0e00000, 0x00000000f1350000, 0x00000000f5ea0000)
  eden space 4416K, 100% used [0x00000000f0e00000, 0x00000000f1250000, 0x00000000f1250000)
  from space 512K, 100% used [0x00000000f1250000, 0x00000000f12d0000, 0x00000000f12d0000)
  to   space 512K,   0% used [0x00000000f12d0000, 0x00000000f12d0000, 0x00000000f1350000)
 tenured generation   total 10944K, used 1738K [0x00000000f5ea0000, 0x00000000f6950000, 0x0000000100000000)
   the space 10944K,  15% used [0x00000000f5ea0000, 0x00000000f6052968, 0x00000000f6052a00, 0x00000000f6950000)
 Metaspace       used 7850K, capacity 8032K, committed 8320K, reserved 1056768K
  class space    used 962K, capacity 1056K, committed 1152K, reserved 1048576K
Event: 0.468 GC heap after
Heap after GC invocations=5 (full 0):
 def new generation   total 4928K, used 512K [0x00000000f0e00000, 0x00000000f1350000, 0x00000000f5ea0000)
  eden space 4416K,   0% used [0x00000000f0e00000, 0x00000000f0e00000, 0x00000000f1250000)
  from space 512K, 100% used [0x00000000f12d0000, 0x00000000f1350000, 0x00000000f1350000)
  to   space 512K,   0% used [0x00000000f1250000, 0x00000000f1250000, 0x00000000f12d0000)
 tenured generation   total 10944K, used 2068K [0x00000000f5ea0000, 0x00000000f6950000, 0x0000000100000000)
   the space 10944K,  18% used [0x00000000f5ea0000, 0x00000000f60a5330, 0x00000000f60a5400, 0x00000000f6950000)
 Metaspace       used 7850K, capacity 8032K, committed 8320K, reserved 1056768K
  class space    used 962K, capacity 1056K, committed 1152K, reserved 1048576K
}
Event: 0.535 GC heap before
{Heap before GC invocations=5 (full 0):
 def new generation   total 4928K, used 4928K [0x00000000f0e00000, 0x00000000f1350000, 0x00000000f5ea0000)
  eden space 4416K, 100% used [0x00000000f0e00000, 0x00000000f1250000, 0x00000000f1250000)
  from space 512K, 100% used [0x00000000f12d0000, 0x00000000f1350000, 0x00000000f1350000)
  to   space 512K,   0% used [0x00000000f1250000, 0x00000000f1250000, 0x00000000f12d0000)
 tenured generation   total 10944K, used 2068K [0x00000000f5ea0000, 0x00000000f6950000, 0x0000000100000000)
   the space 10944K,  18% used [0x00000000f5ea0000, 0x00000000f60a5330, 0x00000000f60a5400, 0x00000000f6950000)
 Metaspace       used 8730K, capacity 8958K, committed 9216K, reserved 1056768K
  class space    used 1102K, capacity 1197K, committed 1280K, reserved 1048576K
Event: 0.537 GC heap after
Heap after GC invocations=6 (full 0):
 def new generation   total 4928K, used 512K [0x00000000f0e00000, 0x00000000f1350000, 0x00000000f5ea0000)
  eden space 4416K,   0% used [0x00000000f0e00000, 0x00000000f0e00000, 0x00000000f1250000)
  from space 512K, 100% used [0x00000000f1250000, 0x00000000f12d0000, 0x00000000f12d0000)
  to   space 512K,   0% used [0x00000000f12d0000, 0x00000000f12d0000, 0x00000000f1350000)
 tenured generation   total 10944K, used 2496K [0x00000000f5ea0000, 0x00000000f6950000, 0x0000000100000000)
   the space 10944K,  22% used [0x00000000f5ea0000, 0x00000000f6110378, 0x00000000f6110400, 0x00000000f6950000)
 Metaspace       used 8730K, capacity 8958K, committed 9216K, reserved 1056768K
  class space    used 1102K, capacity 1197K, committed 1280K, reserved 1048576K
}
Event: 0.590 GC heap before
{Heap before GC invocations=6 (full 0):
 def new generation   total 4928K, used 4928K [0x00000000f0e00000, 0x00000000f1350000, 0x00000000f5ea0000)
  eden space 4416K, 100% used [0x00000000f0e00000, 0x00000000f1250000, 0x00000000f1250000)
  from space 512K, 100% used [0x00000000f1250000, 0x00000000f12d0000, 0x00000000f12d0000)
  to   space 512K,   0% used [0x00000000f12d0000, 0x00000000f12d0000, 0x00000000f1350000)
 tenured generation   total 10944K, used 2496K [0x00000000f5ea0000, 0x00000000f6950000, 0x0000000100000000)
   the space 10944K,  22% used [0x00000000f5ea0000, 0x00000000f6110378, 0x00000000f6110400, 0x00000000f6950000)
 Metaspace       used 9601K, capacity 9854K, committed 10112K, reserved 1058816K
  class space    used 1231K, capacity 1325K, committed 1408K, reserved 1048576K
Event: 0.592 GC heap after
Heap after GC invocations=7 (full 0):
 def new generation   total 4928K, used 512K [0x00000000f0e00000, 0x00000000f1350000, 0x00000000f5ea0000)
  eden space 4416K,   0% used [0x00000000f0e00000, 0x00000000f0e00000, 0x00000000f1250000)
  from space 512K, 100% used [0x00000000f12d0000, 0x00000000f1350000, 0x00000000f1350000)
  to   space 512K,   0% used [0x00000000f1250000, 0x00000000f1250000, 0x00000000f12d0000)
 tenured generation   total 10944K, used 2855K [0x00000000f5ea0000, 0x00000000f6950000, 0x0000000100000000)
   the space 10944K,  26% used [0x00000000f5ea0000, 0x00000000f6169d60, 0x00000000f6169e00, 0x00000000f6950000)
 Metaspace       used 9601K, capacity 9854K, committed 10112K, reserved 1058816K
  class space    used 1231K, capacity 1325K, committed 1408K, reserved 1048576K
}
Event: 0.793 GC heap before
{Heap before GC invocations=7 (full 0):
 def new generation   total 4928K, used 4928K [0x00000000f0e00000, 0x00000000f1350000, 0x00000000f5ea0000)
  eden space 4416K, 100% used [0x00000000f0e00000, 0x00000000f1250000, 0x00000000f1250000)
  from space 512K, 100% used [0x00000000f12d0000, 0x00000000f1350000, 0x00000000f1350000)
  to   space 512K,   0% used [0x00000000f1250000, 0x00000000f1250000, 0x00000000f12d0000)
 tenured generation   total 10944K, used 2855K [0x00000000f5ea0000, 0x00000000f6950000, 0x0000000100000000)
   the space 10944K,  26% used [0x00000000f5ea0000, 0x00000000f6169d60, 0x00000000f6169e00, 0x00000000f6950000)
 Metaspace       used 10912K, capacity 11176K, committed 11264K, reserved 1058816K
  class space    used 1402K, capacity 1528K, committed 1536K, reserved 1048576K
Event: 0.797 GC heap after
Heap after GC invocations=8 (full 0):
 def new generation   total 4928K, used 512K [0x00000000f0e00000, 0x00000000f1350000, 0x00000000f5ea0000)
  eden space 4416K,   0% used [0x00000000f0e00000, 0x00000000f0e00000, 0x00000000f1250000)
  from space 512K, 100% used [0x00000000f1250000, 0x00000000f12d0000, 0x00000000f12d0000)
  to   space 512K,   0% used [0x00000000f12d0000, 0x00000000f12d0000, 0x00000000f1350000)
 tenured generation   total 10944K, used 3144K [0x00000000f5ea0000, 0x00000000f6950000, 0x0000000100000000)
   the space 10944K,  28% used [0x00000000f5ea0000, 0x00000000f61b2180, 0x00000000f61b2200, 0x00000000f6950000)
 Metaspace       used 10912K, capacity 11176K, committed 11264K, reserved 1058816K
  class space    used 1402K, capacity 1528K, committed 1536K, reserved 1048576K
}
Event: 85.318 GC heap before
{Heap before GC invocations=8 (full 0):
 def new generation   total 4928K, used 4928K [0x00000000f0e00000, 0x00000000f1350000, 0x00000000f5ea0000)
  eden space 4416K, 100% used [0x00000000f0e00000, 0x00000000f1250000, 0x00000000f1250000)
  from space 512K, 100% used [0x00000000f1250000, 0x00000000f12d0000, 0x00000000f12d0000)
  to   space 512K,   0% used [0x00000000f12d0000, 0x00000000f12d0000, 0x00000000f1350000)
 tenured generation   total 10944K, used 3144K [0x00000000f5ea0000, 0x00000000f6950000, 0x0000000100000000)
   the space 10944K,  28% used [0x00000000f5ea0000, 0x00000000f61b2180, 0x00000000f61b2200, 0x00000000f6950000)
 Metaspace       used 11196K, capacity 11528K, committed 11648K, reserved 1058816K
  class space    used 1415K, capacity 1560K, committed 1664K, reserved 1048576K
Event: 85.583 GC heap after
Heap after GC invocations=9 (full 0):
 def new generation   total 4928K, used 69K [0x00000000f0e00000, 0x00000000f1350000, 0x00000000f5ea0000)
  eden space 4416K,   0% used [0x00000000f0e00000, 0x00000000f0e00000, 0x00000000f1250000)
  from space 512K,  13% used [0x00000000f12d0000, 0x00000000f12e1730, 0x00000000f1350000)
  to   space 512K,   0% used [0x00000000f1250000, 0x00000000f1250000, 0x00000000f12d0000)
 tenured generation   total 10944K, used 3469K [0x00000000f5ea0000, 0x00000000f6950000, 0x0000000100000000)
   the space 10944K,  31% used [0x00000000f5ea0000, 0x00000000f62036a0, 0x00000000f6203800, 0x00000000f6950000)
 Metaspace       used 11196K, capacity 11528K, committed 11648K, reserved 1058816K
  class space    used 1415K, capacity 1560K, committed 1664K, reserved 1048576K
}

